✓ Using MPS (Apple Silicon GPU)
✓ Loaded RETFound
============================================================
Training v10.2 — Per-point attention + heavy regularization
============================================================
✓ Garway–Heath weighting ON  (combine=both)
  Deep-floor rescue: floor_db=12.0 dB | floor_boost=0.50 | overpred_penalty=0.15
  Resolved config + checkpoints → /Users/oscarchung/Documents/Python Projects/Fundus-To-VF-Generation/decoder/results/garway_heath
✓ M2 LDS reweighting ON (σ=2.0 dB, cap=6.0, range=[0.42,6.01]) — floor_boost/overpred disabled
✓ M1 distributional head ON (bins=13, blend=0.5, ce_weight=0.5)
✓ Goal self-stop: give up if no >0.05 dB val gain for 8 checks while best > 4.0 dB

v10.1 showed: train MAE=3.57 (works!), val MAE=4.02 (overfits)
Same architecture, more regularization to close the gap

Regularization:
  Attention dropout: 0.4 (was 0.2)
  Head dropout:      0.4 (was 0.25)
  Weight decay:      0.015 (was 0.005)
  Attention temp:    2.0 (learnable, softens attention)
  Entropy penalty:   0.01 (prevents peaked attention)
  Label noise:       σ=0.3 dB
  LR:                0.0005 (was 8e-4)

Banned: LoRA, flips/affine, MixUp
  Train: 211 eyes → 497 images
  Val: 47 eyes with 125 images
  TTA: 3 rotations [-5, 0, 5]°
  Sampler weight range: [1.3, 3.0]
✓ Encoder: FROZEN
✓ Per-point attention (dropout=0.4, temp_init=2.0)
✓ Shared point head (dropout=0.4)
✓ Distributional head ON (bins=13, blend=0.5)
✓ Cross-point refinement
  Trainable: attention=425,985 + head=558,337 + dist=264,205 + refinement=11,181 = 1,259,708

Pre-caching encoder features for val + train-eval sets …
  Val: 211 eyes with 497 images
  Caching val:   0%|          | 0/47 [00:00<?, ?it/s]  Caching val:   2%|▏         | 1/47 [00:00<00:20,  2.27it/s]  Caching val:   4%|▍         | 2/47 [00:02<00:53,  1.19s/it]  Caching val:   6%|▋         | 3/47 [00:02<00:40,  1.09it/s]