✓ Using MPS (Apple Silicon GPU)
✓ Loaded RETFound

=== FOLD 0 ===
  Longitudinal train: 522 records (313 with prior, 209 visit-1)
✓ Encoder: FROZEN
✓ Per-point attention (dropout=0.4, temp_init=2.0)
✓ Shared point head (dropout=0.4)
✓ Joint global-spatial head ON (ADDITIVE: per-point pred + zero-mean global pattern from mean-pool patches‖CLS; zero-init=no-op start) — targets eyeCorr 0.51
✓ Cross-point refinement
  Trainable: attention=425,985 + head=558,337 + refinement=11,181 = 995,503
✓ Longitudinal head ON (prior-VF residual on persistence; zero-init delta; interval-gated). AE latent d=64, frozen.
  warm-start fundus from long_global_f0_best.pth (loaded 446 tensors)
  trainable (longitudinal only): 564,162 params
  Longitudinal val: 109 records (55 with prior, 54 visit-1)
  fold0 ep 4 val MAE 3.680 (best 3.680)
  Longitudinal val: 109 records (55 with prior, 54 visit-1)
  fold0 ep 6 val MAE 3.684 (best 3.680)
  Longitudinal val: 109 records (55 with prior, 54 visit-1)
  fold0 ep 8 val MAE 3.711 (best 3.680)
  Longitudinal val: 109 records (55 with prior, 54 visit-1)
  fold0 ep10 val MAE 3.692 (best 3.680)
  Longitudinal val: 109 records (55 with prior, 54 visit-1)
  fold0 ep12 val MAE 3.691 (best 3.680)
  Longitudinal val: 109 records (55 with prior, 54 visit-1)
  fold0 ep14 val MAE 3.700 (best 3.680)
  Longitudinal val: 109 records (55 with prior, 54 visit-1)
  fold0 ep15 val MAE 3.700 (best 3.680)
  Longitudinal val: 109 records (55 with prior, 54 visit-1)
  Longitudinal val: 522 records (313 with prior, 209 visit-1)
  fold 0: MAE 3.680 | floor 7.54(n552) | deep 6.92 | slope 0.669 | corr 0.795 | eyeCorr 0.541 | bias +0.50 | σp/σt 0.84

=== FOLD 1 ===
  Longitudinal train: 501 records (291 with prior, 210 visit-1)
✓ Encoder: FROZEN
✓ Per-point attention (dropout=0.4, temp_init=2.0)
✓ Shared point head (dropout=0.4)
✓ Joint global-spatial head ON (ADDITIVE: per-point pred + zero-mean global pattern from mean-pool patches‖CLS; zero-init=no-op start) — targets eyeCorr 0.51
✓ Cross-point refinement
  Trainable: attention=425,985 + head=558,337 + refinement=11,181 = 995,503
✓ Longitudinal head ON (prior-VF residual on persistence; zero-init delta; interval-gated). AE latent d=64, frozen.
  warm-start fundus from long_global_f1_best.pth (loaded 446 tensors)
  trainable (longitudinal only): 564,162 params
  Longitudinal val: 130 records (77 with prior, 53 visit-1)
  fold1 ep 4 val MAE 3.802 (best 3.802)
  Longitudinal val: 130 records (77 with prior, 53 visit-1)
  fold1 ep 6 val MAE 3.800 (best 3.800)
  Longitudinal val: 130 records (77 with prior, 53 visit-1)
  fold1 ep 8 val MAE 3.798 (best 3.798)
  Longitudinal val: 130 records (77 with prior, 53 visit-1)
  fold1 ep10 val MAE 3.801 (best 3.798)
  Longitudinal val: 130 records (77 with prior, 53 visit-1)
  fold1 ep12 val MAE 3.799 (best 3.798)
  Longitudinal val: 130 records (77 with prior, 53 visit-1)
  fold1 ep14 val MAE 3.802 (best 3.798)
  Longitudinal val: 130 records (77 with prior, 53 visit-1)
  fold1 ep15 val MAE 3.802 (best 3.798)
  Longitudinal val: 130 records (77 with prior, 53 visit-1)
  Longitudinal val: 501 records (291 with prior, 210 visit-1)
  fold 1: MAE 3.798 | floor 8.73(n550) | deep 7.49 | slope 0.585 | corr 0.690 | eyeCorr 0.517 | bias +0.40 | σp/σt 0.85

=== FOLD 2 ===
  Longitudinal train: 511 records (302 with prior, 209 visit-1)
✓ Encoder: FROZEN
✓ Per-point attention (dropout=0.4, temp_init=2.0)
✓ Shared point head (dropout=0.4)
✓ Joint global-spatial head ON (ADDITIVE: per-point pred + zero-mean global pattern from mean-pool patches‖CLS; zero-init=no-op start) — targets eyeCorr 0.51
✓ Cross-point refinement
  Trainable: attention=425,985 + head=558,337 + refinement=11,181 = 995,503
✓ Longitudinal head ON (prior-VF residual on persistence; zero-init delta; interval-gated). AE latent d=64, frozen.
  warm-start fundus from long_global_f2_best.pth (loaded 446 tensors)
  trainable (longitudinal only): 564,162 params
  Longitudinal val: 120 records (66 with prior, 54 visit-1)
  fold2 ep 4 val MAE 4.068 (best 4.068)
  Longitudinal val: 120 records (66 with prior, 54 visit-1)
  fold2 ep 6 val MAE 4.071 (best 4.068)
  Longitudinal val: 120 records (66 with prior, 54 visit-1)
  fold2 ep 8 val MAE 4.079 (best 4.068)
  Longitudinal val: 120 records (66 with prior, 54 visit-1)
  fold2 ep10 val MAE 4.080 (best 4.068)
  Longitudinal val: 120 records (66 with prior, 54 visit-1)
  fold2 ep12 val MAE 4.087 (best 4.068)
  Longitudinal val: 120 records (66 with prior, 54 visit-1)
  fold2 ep14 val MAE 4.084 (best 4.068)
  Longitudinal val: 120 records (66 with prior, 54 visit-1)
  fold2 ep15 val MAE 4.087 (best 4.068)
  Longitudinal val: 120 records (66 with prior, 54 visit-1)
  Longitudinal val: 511 records (302 with prior, 209 visit-1)
  fold 2: MAE 4.068 | floor 7.54(n458) | deep 6.97 | slope 0.646 | corr 0.729 | eyeCorr 0.516 | bias -0.11 | σp/σt 0.89

=== FOLD 3 ===
  Longitudinal train: 490 records (279 with prior, 211 visit-1)
✓ Encoder: FROZEN
✓ Per-point attention (dropout=0.4, temp_init=2.0)
✓ Shared point head (dropout=0.4)
✓ Joint global-spatial head ON (ADDITIVE: per-point pred + zero-mean global pattern from mean-pool patches‖CLS; zero-init=no-op start) — targets eyeCorr 0.51
✓ Cross-point refinement
  Trainable: attention=425,985 + head=558,337 + refinement=11,181 = 995,503
✓ Longitudinal head ON (prior-VF residual on persistence; zero-init delta; interval-gated). AE latent d=64, frozen.
  warm-start fundus from long_global_f3_best.pth (loaded 446 tensors)
  trainable (longitudinal only): 564,162 params
  Longitudinal val: 141 records (89 with prior, 52 visit-1)
  fold3 ep 4 val MAE 3.559 (best 3.559)
  Longitudinal val: 141 records (89 with prior, 52 visit-1)
  fold3 ep 6 val MAE 3.557 (best 3.557)
  Longitudinal val: 141 records (89 with prior, 52 visit-1)
  fold3 ep 8 val MAE 3.559 (best 3.557)
  Longitudinal val: 141 records (89 with prior, 52 visit-1)
  fold3 ep10 val MAE 3.566 (best 3.557)
  Longitudinal val: 141 records (89 with prior, 52 visit-1)
  fold3 ep12 val MAE 3.569 (best 3.557)
  Longitudinal val: 141 records (89 with prior, 52 visit-1)
  fold3 ep14 val MAE 3.558 (best 3.557)
  Longitudinal val: 141 records (89 with prior, 52 visit-1)
  fold3 ep15 val MAE 3.564 (best 3.557)
  Longitudinal val: 141 records (89 with prior, 52 visit-1)
  Longitudinal val: 490 records (279 with prior, 211 visit-1)
  fold 3: MAE 3.557 | floor 6.39(n486) | deep 6.12 | slope 0.751 | corr 0.794 | eyeCorr 0.562 | bias -0.20 | σp/σt 0.95

=== FOLD 4 ===
  Longitudinal train: 500 records (287 with prior, 213 visit-1)
✓ Encoder: FROZEN
✓ Per-point attention (dropout=0.4, temp_init=2.0)
✓ Shared point head (dropout=0.4)
✓ Joint global-spatial head ON (ADDITIVE: per-point pred + zero-mean global pattern from mean-pool patches‖CLS; zero-init=no-op start) — targets eyeCorr 0.51
✓ Cross-point refinement
  Trainable: attention=425,985 + head=558,337 + refinement=11,181 = 995,503
✓ Longitudinal head ON (prior-VF residual on persistence; zero-init delta; interval-gated). AE latent d=64, frozen.
  warm-start fundus from long_global_f4_best.pth (loaded 446 tensors)
  trainable (longitudinal only): 564,162 params
  Longitudinal val: 131 records (81 with prior, 50 visit-1)
  fold4 ep 4 val MAE 3.754 (best 3.754)
  Longitudinal val: 131 records (81 with prior, 50 visit-1)
  fold4 ep 6 val MAE 3.764 (best 3.754)
  Longitudinal val: 131 records (81 with prior, 50 visit-1)
  fold4 ep 8 val MAE 3.772 (best 3.754)
  Longitudinal val: 131 records (81 with prior, 50 visit-1)
  fold4 ep10 val MAE 3.768 (best 3.754)
  Longitudinal val: 131 records (81 with prior, 50 visit-1)
  fold4 ep12 val MAE 3.770 (best 3.754)
  Longitudinal val: 131 records (81 with prior, 50 visit-1)
  fold4 ep14 val MAE 3.776 (best 3.754)
  Longitudinal val: 131 records (81 with prior, 50 visit-1)
  fold4 ep15 val MAE 3.771 (best 3.754)
  Longitudinal val: 131 records (81 with prior, 50 visit-1)
  Longitudinal val: 500 records (287 with prior, 213 visit-1)
  fold 4: MAE 3.754 | floor 7.72(n460) | deep 6.76 | slope 0.630 | corr 0.693 | eyeCorr 0.557 | bias +0.01 | σp/σt 0.91

==========================================================================================
LONGITUDINAL 5-FOLD OOF (631 recs)  RAW   MAE 3.766 | floor 7.61(n2506) | deep 6.86 | slope 0.662 | corr 0.745 | eyeCorr 0.540 | bias +0.10 | σp/σt 0.89
  severity-stratified (per-eye true mean dB):
    severe   n=101 | MAE 6.058 | floor 6.31 | slope 0.482
    moderate n=183 | MAE 4.570 | floor 9.76 | slope 0.457
    mild     n=347 | MAE 2.675 | floor 8.88 | slope 0.537
LONGITUDINAL 5-FOLD OOF (631 recs)  CALIB MAE 3.911 | floor 7.36(n2506) | deep 6.90 | slope 0.719 | corr 0.743 | eyeCorr 0.539 | bias +0.12 | σp/σt 0.97
  severity-stratified (per-eye true mean dB):
    severe   n=101 | MAE 6.060 | floor 5.99 | slope 0.499
    moderate n=183 | MAE 4.786 | floor 9.61 | slope 0.503
    mild     n=347 | MAE 2.824 | floor 9.03 | slope 0.599
==========================================================================================
refs: fundus-only 4.29 ; persistence 3.71 ; target sub-3.74.
