✓ Using MPS (Apple Silicon GPU)
✓ Loaded RETFound

=== FOLD 0 ===
  Longitudinal train: 522 records (313 with prior, 209 visit-1)
✓ Encoder: FROZEN
✓ Per-point attention (dropout=0.4, temp_init=2.0)
✓ Shared point head (dropout=0.4)
✓ Joint global-spatial head ON (ADDITIVE: per-point pred + zero-mean global pattern from mean-pool patches‖CLS; zero-init=no-op start) — targets eyeCorr 0.51
✓ Cross-point refinement
  Trainable: attention=425,985 + head=558,337 + refinement=11,181 = 995,503
✓ Longitudinal head ON (prior-VF residual on persistence; zero-init delta; interval-gated). AE latent d=64, frozen.
  warm-start fundus from long_global_f0_best.pth (loaded 446 tensors)
  Longitudinal val: 109 records (55 with prior, 54 visit-1)
  fold0 ep 4 val MAE 3.672 (best 3.672)
  Longitudinal val: 109 records (55 with prior, 54 visit-1)
  fold0 ep 5 val MAE 3.654 (best 3.654)
  Longitudinal val: 109 records (55 with prior, 54 visit-1)
  Longitudinal val: 522 records (313 with prior, 209 visit-1)
  fold 0: MAE 3.654 | floor 7.24(n552) | deep 6.81 | slope 0.689 | corr 0.799 | eyeCorr 0.535 | bias +0.40 | σp/σt 0.86

==========================================================================================
LONGITUDINAL 5-FOLD OOF (109 recs)  RAW   MAE 3.654 | floor 7.24(n552) | deep 6.81 | slope 0.689 | corr 0.799 | eyeCorr 0.535 | bias +0.40 | σp/σt 0.86
  severity-stratified (per-eye true mean dB):
    severe   n= 24 | MAE 5.589 | floor 5.97 | slope 0.548
    moderate n= 24 | MAE 4.523 | floor 11.00 | slope 0.387
    mild     n= 61 | MAE 2.550 | floor 13.03 | slope 0.484
LONGITUDINAL 5-FOLD OOF (109 recs)  CALIB MAE 3.710 | floor 7.07(n552) | deep 6.79 | slope 0.730 | corr 0.798 | eyeCorr 0.535 | bias +0.47 | σp/σt 0.91
  severity-stratified (per-eye true mean dB):
    severe   n= 24 | MAE 5.529 | floor 5.76 | slope 0.565
    moderate n= 24 | MAE 4.666 | floor 10.95 | slope 0.413
    mild     n= 61 | MAE 2.618 | floor 13.21 | slope 0.523
==========================================================================================
refs: fundus-only 4.29 ; persistence 3.71 ; target sub-3.74.
